2025-10-27 12:42:40 - SistemaAcademico - INFO - [cliente_gui.py:11226] - ============================================================
2025-10-27 12:42:40 - SistemaAcademico - INFO - [cliente_gui.py:11226] - ============================================================
2025-10-27 12:42:40 - SistemaAcademico - INFO - [cliente_gui.py:11227] - INICIANDO SISTEMA ACADÊMICO
2025-10-27 12:42:40 - SistemaAcademico - INFO - [cliente_gui.py:11227] - INICIANDO SISTEMA ACADÊMICO
2025-10-27 12:42:41 - SistemaAcademico - INFO - [cliente_gui.py:11228] - ============================================================
2025-10-27 12:42:41 - SistemaAcademico - INFO - [cliente_gui.py:11228] - ============================================================
2025-10-27 12:42:41 - SistemaAcademico - INFO - [cliente_gui.py:11236] - Iniciando servidor em processo separado...
2025-10-27 12:42:41 - SistemaAcademico - INFO - [cliente_gui.py:11236] - Iniciando servidor em processo separado...
2025-10-27 12:42:43 - SistemaAcademico - INFO - [cliente_gui.py:11248] - ✓ Servidor iniciado com sucesso
2025-10-27 12:42:43 - SistemaAcademico - INFO - [cliente_gui.py:11248] - ✓ Servidor iniciado com sucesso
2025-10-27 12:42:43 - SistemaAcademico - INFO - [cliente_gui.py:11252] - Verificando consistência dos bancos de dados...
2025-10-27 12:42:43 - SistemaAcademico - INFO - [cliente_gui.py:11252] - Verificando consistência dos bancos de dados...
2025-10-27 12:42:43 - SistemaAcademico - INFO - [cliente_gui.py:11258] - Iniciando interface gráfica...
2025-10-27 12:42:43 - SistemaAcademico - INFO - [cliente_gui.py:11258] - Iniciando interface gráfica...
2025-10-27 12:42:53 - SistemaAcademico - INFO - [cliente_gui.py:11267] - Encerrando servidor...
2025-10-27 12:42:53 - SistemaAcademico - INFO - [cliente_gui.py:11267] - Encerrando servidor...
2025-10-27 12:42:54 - SistemaAcademico - INFO - [cliente_gui.py:11275] - Sistema encerrado
2025-10-27 12:42:54 - SistemaAcademico - INFO - [cliente_gui.py:11275] - Sistema encerrado
2025-10-27 12:42:54 - SistemaAcademico - INFO - [cliente_gui.py:11276] - ============================================================
2025-10-27 12:42:54 - SistemaAcademico - INFO - [cliente_gui.py:11276] - ============================================================
2025-10-27 12:44:00 - SistemaAcademico - INFO - [cliente_gui.py:11226] - ============================================================
2025-10-27 12:44:00 - SistemaAcademico - INFO - [cliente_gui.py:11226] - ============================================================
2025-10-27 12:44:00 - SistemaAcademico - INFO - [cliente_gui.py:11227] - INICIANDO SISTEMA ACADÊMICO
2025-10-27 12:44:00 - SistemaAcademico - INFO - [cliente_gui.py:11227] - INICIANDO SISTEMA ACADÊMICO
2025-10-27 12:44:00 - SistemaAcademico - INFO - [cliente_gui.py:11228] - ============================================================
2025-10-27 12:44:00 - SistemaAcademico - INFO - [cliente_gui.py:11228] - ============================================================
2025-10-27 12:44:00 - SistemaAcademico - INFO - [cliente_gui.py:11236] - Iniciando servidor em processo separado...
2025-10-27 12:44:00 - SistemaAcademico - INFO - [cliente_gui.py:11236] - Iniciando servidor em processo separado...
2025-10-27 12:44:02 - SistemaAcademico - INFO - [cliente_gui.py:11248] - ✓ Servidor iniciado com sucesso
2025-10-27 12:44:02 - SistemaAcademico - INFO - [cliente_gui.py:11248] - ✓ Servidor iniciado com sucesso
2025-10-27 12:44:02 - SistemaAcademico - INFO - [cliente_gui.py:11252] - Verificando consistência dos bancos de dados...
2025-10-27 12:44:02 - SistemaAcademico - INFO - [cliente_gui.py:11252] - Verificando consistência dos bancos de dados...
2025-10-27 12:44:02 - SistemaAcademico - INFO - [cliente_gui.py:11258] - Iniciando interface gráfica...
2025-10-27 12:44:02 - SistemaAcademico - INFO - [cliente_gui.py:11258] - Iniciando interface gráfica...
2025-10-27 12:45:10 - SistemaAcademico - INFO - [cliente_gui.py:11267] - Encerrando servidor...
2025-10-27 12:45:10 - SistemaAcademico - INFO - [cliente_gui.py:11267] - Encerrando servidor...
2025-10-27 12:45:10 - SistemaAcademico - INFO - [cliente_gui.py:11275] - Sistema encerrado
2025-10-27 12:45:10 - SistemaAcademico - INFO - [cliente_gui.py:11275] - Sistema encerrado
2025-10-27 12:45:10 - SistemaAcademico - INFO - [cliente_gui.py:11276] - ============================================================
2025-10-27 12:45:10 - SistemaAcademico - INFO - [cliente_gui.py:11276] - ============================================================
2025-10-27 12:57:19 - SistemaAcademico - INFO - [cliente_gui.py:11232] - ============================================================
2025-10-27 12:57:19 - SistemaAcademico - INFO - [cliente_gui.py:11232] - ============================================================
2025-10-27 12:57:19 - SistemaAcademico - INFO - [cliente_gui.py:11233] - INICIANDO SISTEMA ACADÊMICO
2025-10-27 12:57:19 - SistemaAcademico - INFO - [cliente_gui.py:11233] - INICIANDO SISTEMA ACADÊMICO
2025-10-27 12:57:19 - SistemaAcademico - INFO - [cliente_gui.py:11234] - ============================================================
2025-10-27 12:57:19 - SistemaAcademico - INFO - [cliente_gui.py:11234] - ============================================================
2025-10-27 12:57:19 - SistemaAcademico - INFO - [cliente_gui.py:11242] - Iniciando servidor em processo separado...
2025-10-27 12:57:19 - SistemaAcademico - INFO - [cliente_gui.py:11242] - Iniciando servidor em processo separado...
2025-10-27 12:57:21 - SistemaAcademico - INFO - [cliente_gui.py:11254] - ✓ Servidor iniciado com sucesso
2025-10-27 12:57:21 - SistemaAcademico - INFO - [cliente_gui.py:11254] - ✓ Servidor iniciado com sucesso
2025-10-27 12:57:21 - SistemaAcademico - INFO - [cliente_gui.py:11258] - Verificando consistência dos bancos de dados...
2025-10-27 12:57:21 - SistemaAcademico - INFO - [cliente_gui.py:11258] - Verificando consistência dos bancos de dados...
2025-10-27 12:57:21 - SistemaAcademico - INFO - [cliente_gui.py:11264] - Iniciando interface gráfica...
2025-10-27 12:57:21 - SistemaAcademico - INFO - [cliente_gui.py:11264] - Iniciando interface gráfica...
2025-10-27 12:58:03 - SistemaAcademico - INFO - [cliente_gui.py:11281] - Sistema encerrado
2025-10-27 12:58:03 - SistemaAcademico - INFO - [cliente_gui.py:11281] - Sistema encerrado
2025-10-27 12:58:03 - SistemaAcademico - INFO - [cliente_gui.py:11282] - ============================================================
2025-10-27 12:58:03 - SistemaAcademico - INFO - [cliente_gui.py:11282] - ============================================================
2025-10-27 13:19:53 - SistemaAcademico - INFO - [cliente_gui.py:11240] - ============================================================
2025-10-27 13:19:53 - SistemaAcademico - INFO - [cliente_gui.py:11240] - ============================================================
2025-10-27 13:19:53 - SistemaAcademico - INFO - [cliente_gui.py:11241] - INICIANDO SISTEMA ACADÊMICO
2025-10-27 13:19:53 - SistemaAcademico - INFO - [cliente_gui.py:11241] - INICIANDO SISTEMA ACADÊMICO
2025-10-27 13:19:53 - SistemaAcademico - INFO - [cliente_gui.py:11242] - ============================================================
2025-10-27 13:19:53 - SistemaAcademico - INFO - [cliente_gui.py:11242] - ============================================================
2025-10-27 13:19:53 - SistemaAcademico - INFO - [cliente_gui.py:11250] - Iniciando servidor em processo separado...
2025-10-27 13:19:53 - SistemaAcademico - INFO - [cliente_gui.py:11250] - Iniciando servidor em processo separado...
2025-10-27 13:19:55 - SistemaAcademico - INFO - [cliente_gui.py:11262] - ✓ Servidor iniciado com sucesso
2025-10-27 13:19:55 - SistemaAcademico - INFO - [cliente_gui.py:11262] - ✓ Servidor iniciado com sucesso
2025-10-27 13:19:55 - SistemaAcademico - INFO - [cliente_gui.py:11266] - Verificando consistência dos bancos de dados...
2025-10-27 13:19:55 - SistemaAcademico - INFO - [cliente_gui.py:11266] - Verificando consistência dos bancos de dados...
2025-10-27 13:19:55 - SistemaAcademico - INFO - [cliente_gui.py:11272] - Iniciando interface gráfica...
2025-10-27 13:19:55 - SistemaAcademico - INFO - [cliente_gui.py:11272] - Iniciando interface gráfica...
2025-10-27 13:20:09 - SistemaAcademico - INFO - [cliente_gui.py:6182] - Enviando requisição: ADD_ALUNO|1|20250001|jojo
2025-10-27 13:20:09 - SistemaAcademico - INFO - [cliente_gui.py:6182] - Enviando requisição: ADD_ALUNO|1|20250001|jojo
2025-10-27 13:20:09 - SistemaAcademico - INFO - [cliente_gui.py:6184] - Resposta recebida: SUCESSO: Aluno adicionado
2025-10-27 13:20:09 - SistemaAcademico - INFO - [cliente_gui.py:6184] - Resposta recebida: SUCESSO: Aluno adicionado
2025-10-27 13:20:48 - SistemaAcademico - INFO - [cliente_gui.py:6182] - Enviando requisição: ADD_ALUNO|1|20250002|gustavo
2025-10-27 13:20:48 - SistemaAcademico - INFO - [cliente_gui.py:6182] - Enviando requisição: ADD_ALUNO|1|20250002|gustavo
2025-10-27 13:20:48 - SistemaAcademico - INFO - [cliente_gui.py:6184] - Resposta recebida: SUCESSO: Aluno adicionado
2025-10-27 13:20:48 - SistemaAcademico - INFO - [cliente_gui.py:6184] - Resposta recebida: SUCESSO: Aluno adicionado
2025-10-27 13:20:56 - SistemaAcademico - INFO - [cliente_gui.py:11281] - Encerrando servidor...
2025-10-27 13:20:56 - SistemaAcademico - INFO - [cliente_gui.py:11281] - Encerrando servidor...
2025-10-27 13:20:56 - SistemaAcademico - INFO - [cliente_gui.py:11289] - Sistema encerrado
2025-10-27 13:20:56 - SistemaAcademico - INFO - [cliente_gui.py:11289] - Sistema encerrado
2025-10-27 13:20:56 - SistemaAcademico - INFO - [cliente_gui.py:11290] - ============================================================
2025-10-27 13:20:56 - SistemaAcademico - INFO - [cliente_gui.py:11290] - ============================================================
2025-10-27 13:28:25 - SistemaAcademico - INFO - [cliente_gui.py:11235] - ============================================================
2025-10-27 13:28:25 - SistemaAcademico - INFO - [cliente_gui.py:11235] - ============================================================
2025-10-27 13:28:25 - SistemaAcademico - INFO - [cliente_gui.py:11236] - INICIANDO SISTEMA ACADÊMICO
2025-10-27 13:28:25 - SistemaAcademico - INFO - [cliente_gui.py:11236] - INICIANDO SISTEMA ACADÊMICO
2025-10-27 13:28:25 - SistemaAcademico - INFO - [cliente_gui.py:11237] - ============================================================
2025-10-27 13:28:25 - SistemaAcademico - INFO - [cliente_gui.py:11237] - ============================================================
2025-10-27 13:28:25 - SistemaAcademico - INFO - [cliente_gui.py:11245] - Iniciando servidor em processo separado...
2025-10-27 13:28:25 - SistemaAcademico - INFO - [cliente_gui.py:11245] - Iniciando servidor em processo separado...
2025-10-27 13:28:27 - SistemaAcademico - INFO - [cliente_gui.py:11257] - ✓ Servidor iniciado com sucesso
2025-10-27 13:28:27 - SistemaAcademico - INFO - [cliente_gui.py:11257] - ✓ Servidor iniciado com sucesso
2025-10-27 13:28:27 - SistemaAcademico - INFO - [cliente_gui.py:11261] - Verificando consistência dos bancos de dados...
2025-10-27 13:28:27 - SistemaAcademico - INFO - [cliente_gui.py:11261] - Verificando consistência dos bancos de dados...
2025-10-27 13:28:27 - SistemaAcademico - INFO - [cliente_gui.py:11267] - Iniciando interface gráfica...
2025-10-27 13:28:27 - SistemaAcademico - INFO - [cliente_gui.py:11267] - Iniciando interface gráfica...
2025-10-27 13:29:40 - SistemaAcademico - INFO - [cliente_gui.py:11276] - Encerrando servidor...
2025-10-27 13:29:40 - SistemaAcademico - INFO - [cliente_gui.py:11276] - Encerrando servidor...
2025-10-27 13:29:40 - SistemaAcademico - INFO - [cliente_gui.py:11284] - Sistema encerrado
2025-10-27 13:29:40 - SistemaAcademico - INFO - [cliente_gui.py:11284] - Sistema encerrado
2025-10-27 13:29:40 - SistemaAcademico - INFO - [cliente_gui.py:11285] - ============================================================
2025-10-27 13:29:40 - SistemaAcademico - INFO - [cliente_gui.py:11285] - ============================================================
2025-10-27 13:38:22 - SistemaAcademico - INFO - [cliente_gui.py:11218] - ============================================================
2025-10-27 13:38:22 - SistemaAcademico - INFO - [cliente_gui.py:11218] - ============================================================
2025-10-27 13:38:22 - SistemaAcademico - INFO - [cliente_gui.py:11219] - INICIANDO SISTEMA ACADÊMICO
2025-10-27 13:38:22 - SistemaAcademico - INFO - [cliente_gui.py:11219] - INICIANDO SISTEMA ACADÊMICO
2025-10-27 13:38:22 - SistemaAcademico - INFO - [cliente_gui.py:11220] - ============================================================
2025-10-27 13:38:22 - SistemaAcademico - INFO - [cliente_gui.py:11220] - ============================================================
2025-10-27 13:38:22 - SistemaAcademico - INFO - [cliente_gui.py:11228] - Iniciando servidor em processo separado...
2025-10-27 13:38:22 - SistemaAcademico - INFO - [cliente_gui.py:11228] - Iniciando servidor em processo separado...
2025-10-27 13:38:24 - SistemaAcademico - INFO - [cliente_gui.py:11240] - ✓ Servidor iniciado com sucesso
2025-10-27 13:38:24 - SistemaAcademico - INFO - [cliente_gui.py:11240] - ✓ Servidor iniciado com sucesso
2025-10-27 13:38:24 - SistemaAcademico - INFO - [cliente_gui.py:11244] - Verificando consistência dos bancos de dados...
2025-10-27 13:38:24 - SistemaAcademico - INFO - [cliente_gui.py:11244] - Verificando consistência dos bancos de dados...
2025-10-27 13:38:24 - SistemaAcademico - INFO - [cliente_gui.py:11250] - Iniciando interface gráfica...
2025-10-27 13:38:24 - SistemaAcademico - INFO - [cliente_gui.py:11250] - Iniciando interface gráfica...
2025-10-27 13:38:38 - SistemaAcademico - INFO - [cliente_gui.py:11259] - Encerrando servidor...
2025-10-27 13:38:38 - SistemaAcademico - INFO - [cliente_gui.py:11259] - Encerrando servidor...
2025-10-27 13:38:38 - SistemaAcademico - INFO - [cliente_gui.py:11267] - Sistema encerrado
2025-10-27 13:38:38 - SistemaAcademico - INFO - [cliente_gui.py:11267] - Sistema encerrado
2025-10-27 13:38:38 - SistemaAcademico - INFO - [cliente_gui.py:11268] - ============================================================
2025-10-27 13:38:38 - SistemaAcademico - INFO - [cliente_gui.py:11268] - ============================================================
2025-10-27 13:38:50 - SistemaAcademico - INFO - [cliente_gui.py:11218] - ============================================================
2025-10-27 13:38:50 - SistemaAcademico - INFO - [cliente_gui.py:11218] - ============================================================
2025-10-27 13:38:50 - SistemaAcademico - INFO - [cliente_gui.py:11219] - INICIANDO SISTEMA ACADÊMICO
2025-10-27 13:38:50 - SistemaAcademico - INFO - [cliente_gui.py:11219] - INICIANDO SISTEMA ACADÊMICO
2025-10-27 13:38:50 - SistemaAcademico - INFO - [cliente_gui.py:11220] - ============================================================
2025-10-27 13:38:50 - SistemaAcademico - INFO - [cliente_gui.py:11220] - ============================================================
2025-10-27 13:38:50 - SistemaAcademico - INFO - [cliente_gui.py:11228] - Iniciando servidor em processo separado...
2025-10-27 13:38:50 - SistemaAcademico - INFO - [cliente_gui.py:11228] - Iniciando servidor em processo separado...
2025-10-27 13:38:53 - SistemaAcademico - INFO - [cliente_gui.py:11240] - ✓ Servidor iniciado com sucesso
2025-10-27 13:38:53 - SistemaAcademico - INFO - [cliente_gui.py:11240] - ✓ Servidor iniciado com sucesso
2025-10-27 13:38:53 - SistemaAcademico - INFO - [cliente_gui.py:11244] - Verificando consistência dos bancos de dados...
2025-10-27 13:38:53 - SistemaAcademico - INFO - [cliente_gui.py:11244] - Verificando consistência dos bancos de dados...
2025-10-27 13:38:53 - SistemaAcademico - INFO - [cliente_gui.py:11250] - Iniciando interface gráfica...
2025-10-27 13:38:53 - SistemaAcademico - INFO - [cliente_gui.py:11250] - Iniciando interface gráfica...
2025-10-27 13:39:28 - SistemaAcademico - INFO - [cliente_gui.py:11259] - Encerrando servidor...
2025-10-27 13:39:28 - SistemaAcademico - INFO - [cliente_gui.py:11259] - Encerrando servidor...
2025-10-27 13:39:28 - SistemaAcademico - INFO - [cliente_gui.py:11267] - Sistema encerrado
2025-10-27 13:39:28 - SistemaAcademico - INFO - [cliente_gui.py:11267] - Sistema encerrado
2025-10-27 13:39:28 - SistemaAcademico - INFO - [cliente_gui.py:11268] - ============================================================
2025-10-27 13:39:28 - SistemaAcademico - INFO - [cliente_gui.py:11268] - ============================================================
2025-10-27 13:39:58 - SistemaAcademico - INFO - [cliente_gui.py:11218] - ============================================================
2025-10-27 13:39:58 - SistemaAcademico - INFO - [cliente_gui.py:11218] - ============================================================
2025-10-27 13:39:58 - SistemaAcademico - INFO - [cliente_gui.py:11219] - INICIANDO SISTEMA ACADÊMICO
2025-10-27 13:39:58 - SistemaAcademico - INFO - [cliente_gui.py:11219] - INICIANDO SISTEMA ACADÊMICO
2025-10-27 13:39:58 - SistemaAcademico - INFO - [cliente_gui.py:11220] - ============================================================
2025-10-27 13:39:58 - SistemaAcademico - INFO - [cliente_gui.py:11220] - ============================================================
2025-10-27 13:39:58 - SistemaAcademico - INFO - [cliente_gui.py:11228] - Iniciando servidor em processo separado...
2025-10-27 13:39:58 - SistemaAcademico - INFO - [cliente_gui.py:11228] - Iniciando servidor em processo separado...
2025-10-27 13:40:00 - SistemaAcademico - INFO - [cliente_gui.py:11240] - ✓ Servidor iniciado com sucesso
2025-10-27 13:40:00 - SistemaAcademico - INFO - [cliente_gui.py:11240] - ✓ Servidor iniciado com sucesso
2025-10-27 13:40:00 - SistemaAcademico - INFO - [cliente_gui.py:11244] - Verificando consistência dos bancos de dados...
2025-10-27 13:40:00 - SistemaAcademico - INFO - [cliente_gui.py:11244] - Verificando consistência dos bancos de dados...
2025-10-27 13:40:00 - SistemaAcademico - INFO - [cliente_gui.py:11250] - Iniciando interface gráfica...
2025-10-27 13:40:00 - SistemaAcademico - INFO - [cliente_gui.py:11250] - Iniciando interface gráfica...
2025-10-27 13:50:47 - SistemaAcademico - INFO - [cliente_gui.py:11259] - Encerrando servidor...
2025-10-27 13:50:47 - SistemaAcademico - INFO - [cliente_gui.py:11259] - Encerrando servidor...
2025-10-27 13:50:47 - SistemaAcademico - INFO - [cliente_gui.py:11267] - Sistema encerrado
2025-10-27 13:50:47 - SistemaAcademico - INFO - [cliente_gui.py:11267] - Sistema encerrado
2025-10-27 13:50:47 - SistemaAcademico - INFO - [cliente_gui.py:11268] - ============================================================
2025-10-27 13:50:47 - SistemaAcademico - INFO - [cliente_gui.py:11268] - ============================================================
2025-10-27 13:55:21 - SistemaAcademico - INFO - [cliente_gui.py:11229] - ============================================================
2025-10-27 13:55:21 - SistemaAcademico - INFO - [cliente_gui.py:11229] - ============================================================
2025-10-27 13:55:21 - SistemaAcademico - INFO - [cliente_gui.py:11230] - INICIANDO SISTEMA ACADÊMICO
2025-10-27 13:55:21 - SistemaAcademico - INFO - [cliente_gui.py:11230] - INICIANDO SISTEMA ACADÊMICO
2025-10-27 13:55:21 - SistemaAcademico - INFO - [cliente_gui.py:11231] - ============================================================
2025-10-27 13:55:21 - SistemaAcademico - INFO - [cliente_gui.py:11231] - ============================================================
2025-10-27 13:55:21 - SistemaAcademico - INFO - [cliente_gui.py:11239] - Iniciando servidor em processo separado...
2025-10-27 13:55:21 - SistemaAcademico - INFO - [cliente_gui.py:11239] - Iniciando servidor em processo separado...
2025-10-27 13:55:23 - SistemaAcademico - INFO - [cliente_gui.py:11251] - ✓ Servidor iniciado com sucesso
2025-10-27 13:55:23 - SistemaAcademico - INFO - [cliente_gui.py:11251] - ✓ Servidor iniciado com sucesso
2025-10-27 13:55:23 - SistemaAcademico - INFO - [cliente_gui.py:11255] - Verificando consistência dos bancos de dados...
2025-10-27 13:55:23 - SistemaAcademico - INFO - [cliente_gui.py:11255] - Verificando consistência dos bancos de dados...
2025-10-27 13:55:23 - SistemaAcademico - INFO - [cliente_gui.py:11261] - Iniciando interface gráfica...
2025-10-27 13:55:23 - SistemaAcademico - INFO - [cliente_gui.py:11261] - Iniciando interface gráfica...
2025-10-27 14:19:17 - SistemaAcademico - INFO - [cliente_gui.py:11270] - Encerrando servidor...
2025-10-27 14:19:17 - SistemaAcademico - INFO - [cliente_gui.py:11270] - Encerrando servidor...
2025-10-27 14:19:17 - SistemaAcademico - INFO - [cliente_gui.py:11278] - Sistema encerrado
2025-10-27 14:19:17 - SistemaAcademico - INFO - [cliente_gui.py:11278] - Sistema encerrado
2025-10-27 14:19:17 - SistemaAcademico - INFO - [cliente_gui.py:11279] - ============================================================
2025-10-27 14:19:17 - SistemaAcademico - INFO - [cliente_gui.py:11279] - ============================================================
2025-10-27 16:43:30 - SistemaAcademico - INFO - [cliente_gui.py:11198] - ============================================================
2025-10-27 16:43:30 - SistemaAcademico - INFO - [cliente_gui.py:11198] - ============================================================
2025-10-27 16:43:30 - SistemaAcademico - INFO - [cliente_gui.py:11199] - INICIANDO SISTEMA ACADÊMICO
2025-10-27 16:43:30 - SistemaAcademico - INFO - [cliente_gui.py:11199] - INICIANDO SISTEMA ACADÊMICO
2025-10-27 16:43:30 - SistemaAcademico - INFO - [cliente_gui.py:11200] - ============================================================
2025-10-27 16:43:30 - SistemaAcademico - INFO - [cliente_gui.py:11200] - ============================================================
2025-10-27 16:43:30 - SistemaAcademico - INFO - [cliente_gui.py:11208] - Iniciando servidor em processo separado...
2025-10-27 16:43:30 - SistemaAcademico - INFO - [cliente_gui.py:11208] - Iniciando servidor em processo separado...
2025-10-27 16:43:32 - SistemaAcademico - INFO - [cliente_gui.py:11220] - ✓ Servidor iniciado com sucesso
2025-10-27 16:43:32 - SistemaAcademico - INFO - [cliente_gui.py:11220] - ✓ Servidor iniciado com sucesso
2025-10-27 16:43:32 - SistemaAcademico - INFO - [cliente_gui.py:11224] - Verificando consistência dos bancos de dados...
2025-10-27 16:43:32 - SistemaAcademico - INFO - [cliente_gui.py:11224] - Verificando consistência dos bancos de dados...
2025-10-27 16:43:32 - SistemaAcademico - INFO - [cliente_gui.py:11230] - Iniciando interface gráfica...
2025-10-27 16:43:32 - SistemaAcademico - INFO - [cliente_gui.py:11230] - Iniciando interface gráfica...
2025-10-27 16:44:09 - SistemaAcademico - INFO - [cliente_gui.py:11239] - Encerrando servidor...
2025-10-27 16:44:09 - SistemaAcademico - INFO - [cliente_gui.py:11239] - Encerrando servidor...
2025-10-27 16:44:09 - SistemaAcademico - INFO - [cliente_gui.py:11247] - Sistema encerrado
2025-10-27 16:44:09 - SistemaAcademico - INFO - [cliente_gui.py:11247] - Sistema encerrado
2025-10-27 16:44:09 - SistemaAcademico - INFO - [cliente_gui.py:11248] - ============================================================
2025-10-27 16:44:09 - SistemaAcademico - INFO - [cliente_gui.py:11248] - ============================================================
2025-10-27 16:47:36 - SistemaAcademico - INFO - [cliente_gui.py:11222] - ============================================================
2025-10-27 16:47:36 - SistemaAcademico - INFO - [cliente_gui.py:11222] - ============================================================
2025-10-27 16:47:36 - SistemaAcademico - INFO - [cliente_gui.py:11223] - INICIANDO SISTEMA ACADÊMICO
2025-10-27 16:47:36 - SistemaAcademico - INFO - [cliente_gui.py:11223] - INICIANDO SISTEMA ACADÊMICO
2025-10-27 16:47:36 - SistemaAcademico - INFO - [cliente_gui.py:11224] - ============================================================
2025-10-27 16:47:36 - SistemaAcademico - INFO - [cliente_gui.py:11224] - ============================================================
2025-10-27 16:47:36 - SistemaAcademico - INFO - [cliente_gui.py:11232] - Iniciando servidor em processo separado...
2025-10-27 16:47:36 - SistemaAcademico - INFO - [cliente_gui.py:11232] - Iniciando servidor em processo separado...
2025-10-27 16:47:38 - SistemaAcademico - INFO - [cliente_gui.py:11244] - ✓ Servidor iniciado com sucesso
2025-10-27 16:47:38 - SistemaAcademico - INFO - [cliente_gui.py:11244] - ✓ Servidor iniciado com sucesso
2025-10-27 16:47:38 - SistemaAcademico - INFO - [cliente_gui.py:11248] - Verificando consistência dos bancos de dados...
2025-10-27 16:47:38 - SistemaAcademico - INFO - [cliente_gui.py:11248] - Verificando consistência dos bancos de dados...
2025-10-27 16:47:38 - SistemaAcademico - INFO - [cliente_gui.py:11254] - Iniciando interface gráfica...
2025-10-27 16:47:38 - SistemaAcademico - INFO - [cliente_gui.py:11254] - Iniciando interface gráfica...
2025-10-27 16:49:14 - SistemaAcademico - INFO - [cliente_gui.py:11263] - Encerrando servidor...
2025-10-27 16:49:14 - SistemaAcademico - INFO - [cliente_gui.py:11263] - Encerrando servidor...
2025-10-27 16:49:14 - SistemaAcademico - INFO - [cliente_gui.py:11271] - Sistema encerrado
2025-10-27 16:49:14 - SistemaAcademico - INFO - [cliente_gui.py:11271] - Sistema encerrado
2025-10-27 16:49:14 - SistemaAcademico - INFO - [cliente_gui.py:11272] - ============================================================
2025-10-27 16:49:14 - SistemaAcademico - INFO - [cliente_gui.py:11272] - ============================================================
2025-10-27 16:54:53 - SistemaAcademico - INFO - [cliente_gui.py:11208] - ============================================================
2025-10-27 16:54:53 - SistemaAcademico - INFO - [cliente_gui.py:11208] - ============================================================
2025-10-27 16:54:53 - SistemaAcademico - INFO - [cliente_gui.py:11209] - INICIANDO SISTEMA ACADÊMICO
2025-10-27 16:54:53 - SistemaAcademico - INFO - [cliente_gui.py:11209] - INICIANDO SISTEMA ACADÊMICO
2025-10-27 16:54:53 - SistemaAcademico - INFO - [cliente_gui.py:11210] - ============================================================
2025-10-27 16:54:53 - SistemaAcademico - INFO - [cliente_gui.py:11210] - ============================================================
2025-10-27 16:54:53 - SistemaAcademico - INFO - [cliente_gui.py:11218] - Iniciando servidor em processo separado...
2025-10-27 16:54:53 - SistemaAcademico - INFO - [cliente_gui.py:11218] - Iniciando servidor em processo separado...
2025-10-27 16:54:55 - SistemaAcademico - INFO - [cliente_gui.py:11230] - ✓ Servidor iniciado com sucesso
2025-10-27 16:54:55 - SistemaAcademico - INFO - [cliente_gui.py:11230] - ✓ Servidor iniciado com sucesso
2025-10-27 16:54:55 - SistemaAcademico - INFO - [cliente_gui.py:11234] - Verificando consistência dos bancos de dados...
2025-10-27 16:54:55 - SistemaAcademico - INFO - [cliente_gui.py:11234] - Verificando consistência dos bancos de dados...
2025-10-27 16:54:55 - SistemaAcademico - INFO - [cliente_gui.py:11240] - Iniciando interface gráfica...
2025-10-27 16:54:55 - SistemaAcademico - INFO - [cliente_gui.py:11240] - Iniciando interface gráfica...
2025-10-27 17:30:21 - SistemaAcademico - INFO - [cliente_gui.py:11249] - Encerrando servidor...
2025-10-27 17:30:21 - SistemaAcademico - INFO - [cliente_gui.py:11249] - Encerrando servidor...
2025-10-27 17:30:21 - SistemaAcademico - INFO - [cliente_gui.py:11257] - Sistema encerrado
2025-10-27 17:30:21 - SistemaAcademico - INFO - [cliente_gui.py:11257] - Sistema encerrado
2025-10-27 17:30:21 - SistemaAcademico - INFO - [cliente_gui.py:11258] - ============================================================
2025-10-27 17:30:21 - SistemaAcademico - INFO - [cliente_gui.py:11258] - ============================================================
2025-10-27 17:30:29 - SistemaAcademico - INFO - [cliente_gui.py:11197] - ============================================================
2025-10-27 17:30:29 - SistemaAcademico - INFO - [cliente_gui.py:11197] - ============================================================
2025-10-27 17:30:29 - SistemaAcademico - INFO - [cliente_gui.py:11198] - INICIANDO SISTEMA ACADÊMICO
2025-10-27 17:30:29 - SistemaAcademico - INFO - [cliente_gui.py:11198] - INICIANDO SISTEMA ACADÊMICO
2025-10-27 17:30:29 - SistemaAcademico - INFO - [cliente_gui.py:11199] - ============================================================
2025-10-27 17:30:29 - SistemaAcademico - INFO - [cliente_gui.py:11199] - ============================================================
2025-10-27 17:30:29 - SistemaAcademico - INFO - [cliente_gui.py:11207] - Iniciando servidor em processo separado...
2025-10-27 17:30:29 - SistemaAcademico - INFO - [cliente_gui.py:11207] - Iniciando servidor em processo separado...
2025-10-27 17:30:31 - SistemaAcademico - INFO - [cliente_gui.py:11219] - ✓ Servidor iniciado com sucesso
2025-10-27 17:30:31 - SistemaAcademico - INFO - [cliente_gui.py:11219] - ✓ Servidor iniciado com sucesso
2025-10-27 17:30:31 - SistemaAcademico - INFO - [cliente_gui.py:11223] - Verificando consistência dos bancos de dados...
2025-10-27 17:30:31 - SistemaAcademico - INFO - [cliente_gui.py:11223] - Verificando consistência dos bancos de dados...
2025-10-27 17:30:31 - SistemaAcademico - INFO - [cliente_gui.py:11229] - Iniciando interface gráfica...
2025-10-27 17:30:31 - SistemaAcademico - INFO - [cliente_gui.py:11229] - Iniciando interface gráfica...
2025-10-27 17:37:11 - SistemaAcademico - INFO - [cliente_gui.py:11238] - Encerrando servidor...
2025-10-27 17:37:11 - SistemaAcademico - INFO - [cliente_gui.py:11238] - Encerrando servidor...
2025-10-27 17:37:11 - SistemaAcademico - INFO - [cliente_gui.py:11246] - Sistema encerrado
2025-10-27 17:37:11 - SistemaAcademico - INFO - [cliente_gui.py:11246] - Sistema encerrado
2025-10-27 17:37:11 - SistemaAcademico - INFO - [cliente_gui.py:11247] - ============================================================
2025-10-27 17:37:11 - SistemaAcademico - INFO - [cliente_gui.py:11247] - ============================================================
2025-10-27 19:30:46 - SistemaAcademico - INFO - [cliente_gui.py:11197] - ============================================================
2025-10-27 19:30:46 - SistemaAcademico - INFO - [cliente_gui.py:11197] - ============================================================
2025-10-27 19:30:46 - SistemaAcademico - INFO - [cliente_gui.py:11198] - INICIANDO SISTEMA ACADÊMICO
2025-10-27 19:30:46 - SistemaAcademico - INFO - [cliente_gui.py:11198] - INICIANDO SISTEMA ACADÊMICO
2025-10-27 19:30:46 - SistemaAcademico - INFO - [cliente_gui.py:11199] - ============================================================
2025-10-27 19:30:46 - SistemaAcademico - INFO - [cliente_gui.py:11199] - ============================================================
2025-10-27 19:30:46 - SistemaAcademico - INFO - [cliente_gui.py:11207] - Iniciando servidor em processo separado...
2025-10-27 19:30:46 - SistemaAcademico - INFO - [cliente_gui.py:11207] - Iniciando servidor em processo separado...
2025-10-27 19:30:48 - SistemaAcademico - INFO - [cliente_gui.py:11219] - ✓ Servidor iniciado com sucesso
2025-10-27 19:30:48 - SistemaAcademico - INFO - [cliente_gui.py:11219] - ✓ Servidor iniciado com sucesso
2025-10-27 19:30:48 - SistemaAcademico - INFO - [cliente_gui.py:11223] - Verificando consistência dos bancos de dados...
2025-10-27 19:30:48 - SistemaAcademico - INFO - [cliente_gui.py:11223] - Verificando consistência dos bancos de dados...
2025-10-27 19:30:48 - SistemaAcademico - INFO - [cliente_gui.py:11229] - Iniciando interface gráfica...
2025-10-27 19:30:48 - SistemaAcademico - INFO - [cliente_gui.py:11229] - Iniciando interface gráfica...
2025-10-27 19:31:36 - SistemaAcademico - INFO - [cliente_gui.py:11238] - Encerrando servidor...
2025-10-27 19:31:36 - SistemaAcademico - INFO - [cliente_gui.py:11238] - Encerrando servidor...
2025-10-27 19:31:36 - SistemaAcademico - INFO - [cliente_gui.py:11246] - Sistema encerrado
2025-10-27 19:31:36 - SistemaAcademico - INFO - [cliente_gui.py:11246] - Sistema encerrado
2025-10-27 19:31:36 - SistemaAcademico - INFO - [cliente_gui.py:11247] - ============================================================
2025-10-27 19:31:36 - SistemaAcademico - INFO - [cliente_gui.py:11247] - ============================================================
2025-10-27 19:33:27 - SistemaAcademico - INFO - [cliente_gui.py:11197] - ============================================================
2025-10-27 19:33:27 - SistemaAcademico - INFO - [cliente_gui.py:11197] - ============================================================
2025-10-27 19:33:27 - SistemaAcademico - INFO - [cliente_gui.py:11198] - INICIANDO SISTEMA ACADÊMICO
2025-10-27 19:33:27 - SistemaAcademico - INFO - [cliente_gui.py:11198] - INICIANDO SISTEMA ACADÊMICO
2025-10-27 19:33:27 - SistemaAcademico - INFO - [cliente_gui.py:11199] - ============================================================
2025-10-27 19:33:27 - SistemaAcademico - INFO - [cliente_gui.py:11199] - ============================================================
2025-10-27 19:33:27 - SistemaAcademico - INFO - [cliente_gui.py:11207] - Iniciando servidor em processo separado...
2025-10-27 19:33:27 - SistemaAcademico - INFO - [cliente_gui.py:11207] - Iniciando servidor em processo separado...
2025-10-27 19:33:29 - SistemaAcademico - INFO - [cliente_gui.py:11219] - ✓ Servidor iniciado com sucesso
2025-10-27 19:33:29 - SistemaAcademico - INFO - [cliente_gui.py:11219] - ✓ Servidor iniciado com sucesso
2025-10-27 19:33:29 - SistemaAcademico - INFO - [cliente_gui.py:11223] - Verificando consistência dos bancos de dados...
2025-10-27 19:33:29 - SistemaAcademico - INFO - [cliente_gui.py:11223] - Verificando consistência dos bancos de dados...
2025-10-27 19:33:30 - SistemaAcademico - INFO - [cliente_gui.py:11229] - Iniciando interface gráfica...
2025-10-27 19:33:30 - SistemaAcademico - INFO - [cliente_gui.py:11229] - Iniciando interface gráfica...
2025-10-27 19:33:52 - SistemaAcademico - INFO - [cliente_gui.py:11238] - Encerrando servidor...
2025-10-27 19:33:52 - SistemaAcademico - INFO - [cliente_gui.py:11238] - Encerrando servidor...
2025-10-27 19:33:52 - SistemaAcademico - INFO - [cliente_gui.py:11246] - Sistema encerrado
2025-10-27 19:33:52 - SistemaAcademico - INFO - [cliente_gui.py:11246] - Sistema encerrado
2025-10-27 19:33:52 - SistemaAcademico - INFO - [cliente_gui.py:11247] - ============================================================
2025-10-27 19:33:52 - SistemaAcademico - INFO - [cliente_gui.py:11247] - ============================================================
2025-10-27 19:33:55 - SistemaAcademico - INFO - [cliente_gui.py:11197] - ============================================================
2025-10-27 19:33:55 - SistemaAcademico - INFO - [cliente_gui.py:11197] - ============================================================
2025-10-27 19:33:55 - SistemaAcademico - INFO - [cliente_gui.py:11198] - INICIANDO SISTEMA ACADÊMICO
2025-10-27 19:33:55 - SistemaAcademico - INFO - [cliente_gui.py:11198] - INICIANDO SISTEMA ACADÊMICO
2025-10-27 19:33:55 - SistemaAcademico - INFO - [cliente_gui.py:11199] - ============================================================
2025-10-27 19:33:55 - SistemaAcademico - INFO - [cliente_gui.py:11199] - ============================================================
2025-10-27 19:33:55 - SistemaAcademico - INFO - [cliente_gui.py:11207] - Iniciando servidor em processo separado...
2025-10-27 19:33:55 - SistemaAcademico - INFO - [cliente_gui.py:11207] - Iniciando servidor em processo separado...
2025-10-27 19:33:57 - SistemaAcademico - INFO - [cliente_gui.py:11219] - ✓ Servidor iniciado com sucesso
2025-10-27 19:33:57 - SistemaAcademico - INFO - [cliente_gui.py:11219] - ✓ Servidor iniciado com sucesso
2025-10-27 19:33:57 - SistemaAcademico - INFO - [cliente_gui.py:11223] - Verificando consistência dos bancos de dados...
2025-10-27 19:33:57 - SistemaAcademico - INFO - [cliente_gui.py:11223] - Verificando consistência dos bancos de dados...
2025-10-27 19:33:57 - SistemaAcademico - INFO - [cliente_gui.py:11229] - Iniciando interface gráfica...
2025-10-27 19:33:57 - SistemaAcademico - INFO - [cliente_gui.py:11229] - Iniciando interface gráfica...
2025-10-27 19:35:45 - SistemaAcademico - INFO - [cliente_gui.py:11238] - Encerrando servidor...
2025-10-27 19:35:45 - SistemaAcademico - INFO - [cliente_gui.py:11238] - Encerrando servidor...
2025-10-27 19:35:45 - SistemaAcademico - INFO - [cliente_gui.py:11246] - Sistema encerrado
2025-10-27 19:35:45 - SistemaAcademico - INFO - [cliente_gui.py:11246] - Sistema encerrado
2025-10-27 19:35:45 - SistemaAcademico - INFO - [cliente_gui.py:11247] - ============================================================
2025-10-27 19:35:45 - SistemaAcademico - INFO - [cliente_gui.py:11247] - ============================================================
